[2026-04-20T03:00:13.576749+00:00] start district 3
Building SF Civic Digest (D3, 7 days)...
  Fetching housing pipeline...
  Fetching development...
  Fetching historic preservation...
  Fetching street changes...
  ⚠️  sfmta_hearings.py returned non-JSON stdout: No upcoming SFMTA Engineering Public Hearings found.
  Fetching 311...
  Fetching ethics...
  Fetching board recap...
  Fetching hearings...
  Fetching SFMTA board...
  Fetching rent board...
  Fetching parks...
  Fetching evictions...
  Fetching BART board...
  Fetching SFCTA...
  Fetching SFUSD...
  Fetching volunteer cleanups...
  Fetching journalism...
  Fetching coming up...
[2026-04-20T03:01:46.744604+00:00] ok in 93.17s
