[2026-04-20T03:01:46.744949+00:00] start district 4
Building SF Civic Digest (D4, 7 days)...
  Fetching housing pipeline...
  Fetching development...
  Fetching historic preservation...
  Fetching street changes...
  ⚠️  sfmta_hearings.py returned non-JSON stdout: No upcoming SFMTA Engineering Public Hearings found.
  Fetching 311...
  Fetching ethics...
  Fetching board recap...
  ⚠️  sf_civic_digest.py timed out
  Fetching hearings...
  Fetching SFMTA board...
  Fetching rent board...
  Fetching parks...
  Fetching evictions...
  Fetching BART board...
  Fetching SFCTA...
  Fetching SFUSD...
  Fetching volunteer cleanups...
  Fetching journalism...
  Fetching coming up...
[2026-04-20T03:04:22.397242+00:00] ok in 155.65s
