[2026-04-27T00:14:15.962187+00:00] start district 5
Building SF Civic Digest (D5, 7 days)...
  Fetching Legistar (Board/committees)...
  ⚠️  sf_civic_digest.py timed out
  Fetching building permits...
  Fetching planning notices...
  Fetching SFMTA hearings...
  ⚠️  sfmta_hearings.py returned non-JSON stdout: No upcoming SFMTA Engineering Public Hearings found.
  Fetching SFMTA Board...
  Fetching 311...
  Fetching ethics/lobbying...
  Fetching rent board...
  Fetching housing pipeline...
  Fetching historic preservation (HPC)...
  Fetching parks (Rec & Park)...
  Fetching journalism...
  Fetching upcoming meetings...
  ⚠️  sfgov_events.py timed out
  Fetching volunteer cleanups...
  Fetching civic actions (protests/rallies)...
  Fetching evictions...
  Fetching BART Board...
  Fetching SFCTA...
  Fetching SFUSD Board...
bundle ok at /home/ubuntu/repos/civicclaw/build/bundles/d5.json
[2026-04-27T00:18:10.984433+00:00] ok in 235.02s
