[2026-04-27T00:18:10.984975+00:00] start district 6
Building SF Civic Digest (D6, 7 days)...
  Fetching Legistar (Board/committees)...
  ⚠️  sf_civic_digest.py timed out
  Fetching building permits...
  Fetching planning notices...
  Fetching SFMTA hearings...
  ⚠️  sfmta_hearings.py returned non-JSON stdout: No upcoming SFMTA Engineering Public Hearings found.
  Fetching SFMTA Board...
  Fetching 311...
  Fetching ethics/lobbying...
  Fetching rent board...
  Fetching housing pipeline...
  Fetching historic preservation (HPC)...
  ⚠️  sf_planning_commission.py exited 1: Fetching HPC hearing schedule from https://sfplanning.org/hearings-hpc-list...
Found 16 event links
  Fetching: https://sfplanning.org/event/historic-preservation-commission-150
  Fetching: https://sfplanning.org/event/historic-preservation
  Fetching parks (Rec & Park)...
  Fetching journalism...
  Fetching upcoming meetings...
  ⚠️  sfgov_events.py timed out
  Fetching volunteer cleanups...
  Fetching civic actions (protests/rallies)...
  Fetching evictions...
  ⚠️  sf_evictions.py timed out
  Fetching BART Board...
  Fetching SFCTA...
  Fetching SFUSD Board...
bundle ok at /home/ubuntu/repos/civicclaw/build/bundles/d6.json
[2026-04-27T00:22:17.829573+00:00] ok in 246.84s
