[2026-04-20T03:09:39.594661+00:00] start district 8
Building SF Civic Digest (D8, 7 days)...
  Fetching housing pipeline...
  Fetching development...
  Fetching historic preservation...
  Fetching street changes...
  ⚠️  sfmta_hearings.py returned non-JSON stdout: No upcoming SFMTA Engineering Public Hearings found.
  Fetching 311...
  Fetching ethics...
  Fetching board recap...
  ⚠️  sf_civic_digest.py timed out
  Fetching hearings...
  Fetching SFMTA board...
  Fetching rent board...
  Fetching parks...
  Fetching evictions...
  Fetching BART board...
  Fetching SFCTA...
  Fetching SFUSD...
  Fetching volunteer cleanups...
  Fetching journalism...
  Fetching coming up...
[2026-04-20T03:11:54.069073+00:00] ok in 134.47s
